Using pre-set license

 COMMAND LINE ARGUMENTS:
/Applications/Unity/Hub/Editor/2020.2.6f1/Unity.app/Contents/MacOS/Unity
-adb2
-batchMode
-noUpm
-name
AssetImportWorker0
-projectPath
/Users/vladimirshutov/Documents/ShootGame/CityBuilder
-logFile
Logs/AssetImportWorker0.log
-srvPort
55443
Successfully changed project path to: /Users/vladimirshutov/Documents/ShootGame/CityBuilder
/Users/vladimirshutov/Documents/ShootGame/CityBuilder
Using Asset Import Pipeline V2.
Refreshing native plugins compatible for Editor in 76.94 ms, found 1 plugins.
Preloading 0 native plugins for Editor in 0.00 ms.
Initialize engine version: 2020.2.6f1 (8a2143876886)
[Subsystems] Discovering subsystems at path /Applications/Unity/Hub/Editor/2020.2.6f1/Unity.app/Contents/Resources/UnitySubsystems
[Subsystems] Discovering subsystems at path /Users/vladimirshutov/Documents/ShootGame/CityBuilder/Assets
GfxDevice: creating device client; threaded=0
2021-05-25 11:15:49.803 Unity[41518:1230991] Color LCD preferred device: Intel Iris Pro Graphics (low power)
2021-05-25 11:15:49.803 Unity[41518:1230991] Metal devices available: 1
2021-05-25 11:15:49.803 Unity[41518:1230991] 0: Intel Iris Pro Graphics (low power)
2021-05-25 11:15:49.803 Unity[41518:1230991] Using device Intel Iris Pro Graphics (low power)
Initializing Metal device caps: Intel Iris Pro Graphics
Initialize mono
Mono path[0] = '/Applications/Unity/Hub/Editor/2020.2.6f1/Unity.app/Contents/Managed'
Mono path[1] = '/Applications/Unity/Hub/Editor/2020.2.6f1/Unity.app/Contents/MonoBleedingEdge/lib/mono/unityjit'
Mono config path = '/Applications/Unity/Hub/Editor/2020.2.6f1/Unity.app/Contents/MonoBleedingEdge/etc'
Using monoOptions --debugger-agent=transport=dt_socket,embedding=1,server=y,suspend=n,address=127.0.0.1:56518
Begin MonoManager ReloadAssembly
Registering precompiled unity dll's ...
Register platform support module: /Applications/Unity/Hub/Editor/2020.2.6f1/Unity.app/Contents/PlaybackEngines/MacStandaloneSupport/UnityEditor.OSXStandalone.Extensions.dll
Register platform support module: /Applications/Unity/Hub/Editor/2020.2.6f1/PlaybackEngines/WindowsStandaloneSupport/UnityEditor.WindowsStandalone.Extensions.dll
Registered in 0.002298 seconds.
Native extension for WindowsStandalone target not found
Native extension for OSXStandalone target not found
Refreshing native plugins compatible for Editor in 68.30 ms, found 1 plugins.
Preloading 0 native plugins for Editor in 0.00 ms.
Invoked RoslynAnalysisRunner static constructor.
RoslynAnalysisRunner will not be running.
RoslynAnalysisRunner has terminated.
Mono: successfully reloaded assembly
- Completed reload, in  3.115 seconds
Platform modules already initialized, skipping
Registering precompiled user dll's ...
Registered in 0.004965 seconds.
Begin MonoManager ReloadAssembly
Native extension for WindowsStandalone target not found
Native extension for OSXStandalone target not found
Refreshing native plugins compatible for Editor in 74.65 ms, found 1 plugins.
Preloading 0 native plugins for Editor in 0.00 ms.
Invoked RoslynAnalysisRunner static constructor.
RoslynAnalysisRunner will not be running.
RoslynAnalysisRunner has terminated.
Mono: successfully reloaded assembly
- Completed reload, in  1.797 seconds
Platform modules already initialized, skipping
========================================================================
Worker process is ready to serve import requests
Shader 'Universal Render Pipeline/Particles/Lit': fallback shader 'Universal Render Pipeline/Particles/SimpleLit' not found
Shader 'Universal Render Pipeline/Particles/Lit': fallback shader 'Universal Render Pipeline/Particles/SimpleLit' not found
Launching external process: /Applications/Unity/Hub/Editor/2020.2.6f1/Unity.app/Contents/Tools/UnityShaderCompiler
Launched and connected shader compiler UnityShaderCompiler after 0.02 seconds
Refreshing native plugins compatible for Editor in 0.64 ms, found 1 plugins.
Preloading 0 native plugins for Editor in 0.00 ms.
Unloading 3138 Unused Serialized files (Serialized files now loaded: 0)
System memory in use before: 220.1 MB.
System memory in use after: 217.7 MB.

Unloading 51 unused Assets to reduce memory usage. Loaded Objects now: 3539.
Total: 5.245168 ms (FindLiveObjects: 0.485583 ms CreateObjectMapping: 0.148209 ms MarkObjects: 2.709723 ms  DeleteObjects: 1.900528 ms)

AssetImportParameters requested are different than current active one (requested -> active):
  requireTextureImportCompression: false -> true
========================================================================
Received Import Request.
  path: Assets/Scenes
  artifactKey: Guid(786d37c6f5bf24846a87369b4f9f59da) Importer(815301076,1909f56bfc062723c751e8b465ee728b)
Start importing Assets/Scenes using Guid(786d37c6f5bf24846a87369b4f9f59da) Importer(815301076,1909f56bfc062723c751e8b465ee728b)  -> (artifact id: 'fbb672ed627298d1fb7ca5012b0a034c') in 0.007860 seconds
  Import took 0.014515 seconds .

========================================================================
Received Import Request.
  Time since last request: 0.000283 seconds.
  path: Assets/Scenes/TestScene.unity
  artifactKey: Guid(06d2d35472034704facb5ba67b5b020a) Importer(815301076,1909f56bfc062723c751e8b465ee728b)
Start importing Assets/Scenes/TestScene.unity using Guid(06d2d35472034704facb5ba67b5b020a) Importer(815301076,1909f56bfc062723c751e8b465ee728b)  -> (artifact id: '07965c2585984b43b4a9fb8cf9147c30') in 0.013200 seconds
  Import took 0.019694 seconds .

========================================================================
Received Import Request.
  Time since last request: 36.551303 seconds.
  path: Assets/Settings/ForwardRenderer.asset
  artifactKey: Guid(4a8e21d5c33334b11b34a596161b9360) Importer(815301076,1909f56bfc062723c751e8b465ee728b)
Start importing Assets/Settings/ForwardRenderer.asset using Guid(4a8e21d5c33334b11b34a596161b9360) Importer(815301076,1909f56bfc062723c751e8b465ee728b)  -> (artifact id: '549ebd7a95a49a269fc5e6213214ba69') in 0.953683 seconds
  Import took 0.960777 seconds .

========================================================================
Received Import Request.
  Time since last request: 0.000249 seconds.
  path: Assets/Settings/SampleSceneProfile.asset
  artifactKey: Guid(10fc4df2da32a41aaa32d77bc913491c) Importer(815301076,1909f56bfc062723c751e8b465ee728b)
Start importing Assets/Settings/SampleSceneProfile.asset using Guid(10fc4df2da32a41aaa32d77bc913491c) Importer(815301076,1909f56bfc062723c751e8b465ee728b)  -> (artifact id: '0ed8c3f1b2ceb462e4906501d1882735') in 0.021495 seconds
  Import took 0.027429 seconds .

========================================================================
Received Import Request.
  Time since last request: 0.000298 seconds.
  path: Assets/Prefabs/Building3x2.prefab
  artifactKey: Guid(add0de247d5e34d7a9fd680d17f7d65a) Importer(815301076,1909f56bfc062723c751e8b465ee728b)
Start importing Assets/Prefabs/Building3x2.prefab using Guid(add0de247d5e34d7a9fd680d17f7d65a) Importer(815301076,1909f56bfc062723c751e8b465ee728b)  -> (artifact id: 'f360efa0f5fa47edbed300a8ae2354f2') in 0.659775 seconds
  Import took 0.668372 seconds .

========================================================================
Received Import Request.
  Time since last request: 0.000253 seconds.
  path: Assets/Settings/UniversalRP-LowQuality.asset
  artifactKey: Guid(a31e9f9f9c9d4b9429ed0d1234e22103) Importer(815301076,1909f56bfc062723c751e8b465ee728b)
Start importing Assets/Settings/UniversalRP-LowQuality.asset using Guid(a31e9f9f9c9d4b9429ed0d1234e22103) Importer(815301076,1909f56bfc062723c751e8b465ee728b)  -> (artifact id: '42b54dc7ff43ec62795db745a511d0e3') in 0.004935 seconds
  Import took 0.011737 seconds .

========================================================================
Received Import Request.
  Time since last request: 0.000254 seconds.
  path: Assets/Prefabs/Building3x3.prefab
  artifactKey: Guid(16515dd91ebb84b3a8f20dc29c23264f) Importer(815301076,1909f56bfc062723c751e8b465ee728b)
Start importing Assets/Prefabs/Building3x3.prefab using Guid(16515dd91ebb84b3a8f20dc29c23264f) Importer(815301076,1909f56bfc062723c751e8b465ee728b)  -> (artifact id: '846aff0a56c9ebf24eb64658a5acce01') in 0.014561 seconds
  Import took 0.020962 seconds .

========================================================================
Received Import Request.
  Time since last request: 0.000228 seconds.
  path: Assets/Settings/UniversalRP-MediumQuality.asset
  artifactKey: Guid(d847b876476d3d6468f5dfcd34266f96) Importer(815301076,1909f56bfc062723c751e8b465ee728b)
Start importing Assets/Settings/UniversalRP-MediumQuality.asset using Guid(d847b876476d3d6468f5dfcd34266f96) Importer(815301076,1909f56bfc062723c751e8b465ee728b)  -> (artifact id: 'f5420160bf4b7def09519f2fce74edaa') in 0.004367 seconds
  Import took 0.011002 seconds .

========================================================================
Received Import Request.
  Time since last request: 0.000307 seconds.
  path: Assets/Prefabs/Building2x2.prefab
  artifactKey: Guid(8cb539507e53844abbc6cac81da2fb2a) Importer(815301076,1909f56bfc062723c751e8b465ee728b)
Start importing Assets/Prefabs/Building2x2.prefab using Guid(8cb539507e53844abbc6cac81da2fb2a) Importer(815301076,1909f56bfc062723c751e8b465ee728b)  -> (artifact id: 'a49c1732fb7f10f4760b037953172f4c') in 0.014800 seconds
  Import took 0.021587 seconds .

========================================================================
Received Import Request.
  Time since last request: 0.000326 seconds.
  path: Assets/Settings/UniversalRP-HighQuality.asset
  artifactKey: Guid(19ba41d7c0026c3459d37c2fe90c55a0) Importer(815301076,1909f56bfc062723c751e8b465ee728b)
Start importing Assets/Settings/UniversalRP-HighQuality.asset using Guid(19ba41d7c0026c3459d37c2fe90c55a0) Importer(815301076,1909f56bfc062723c751e8b465ee728b)  -> (artifact id: '2eea18838837dee60d82ee87e77a6ed5') in 0.005163 seconds
  Import took 0.010779 seconds .

========================================================================
Received Import Request.
  Time since last request: 0.000249 seconds.
  path: Assets/Prefabs/Tree2x2.prefab
  artifactKey: Guid(ea2d4810dcf0148cbbdf9f05d44ddfe4) Importer(815301076,1909f56bfc062723c751e8b465ee728b)
Start importing Assets/Prefabs/Tree2x2.prefab using Guid(ea2d4810dcf0148cbbdf9f05d44ddfe4) Importer(815301076,1909f56bfc062723c751e8b465ee728b)  -> (artifact id: '45b828127badab6a79fc10981ddd40fe') in 0.013992 seconds
  Import took 0.019464 seconds .

========================================================================
Received Import Request.
  Time since last request: 0.000225 seconds.
  path: Assets/Prefabs/Bench1x1.prefab
  artifactKey: Guid(affe66bd566d942f78badd68c1a973d1) Importer(815301076,1909f56bfc062723c751e8b465ee728b)
Start importing Assets/Prefabs/Bench1x1.prefab using Guid(affe66bd566d942f78badd68c1a973d1) Importer(815301076,1909f56bfc062723c751e8b465ee728b)  -> (artifact id: '4e82d73016e5fb0f343cfd0aa1eaad96') in 0.017985 seconds
  Import took 0.024076 seconds .

========================================================================
Received Import Request.
  Time since last request: 0.149118 seconds.
  path: Assets/Presets/AudioCompressedInMemory.preset
  artifactKey: Guid(2dd802e4d37c65149922028d3e973832) Importer(815301076,1909f56bfc062723c751e8b465ee728b)
Start importing Assets/Presets/AudioCompressedInMemory.preset using Guid(2dd802e4d37c65149922028d3e973832) Importer(815301076,1909f56bfc062723c751e8b465ee728b)  -> (artifact id: '91774d84709cbe3bf7e3385813abd40e') in 0.196822 seconds
  Import took 0.203577 seconds .

========================================================================
Received Import Request.
  Time since last request: 0.000287 seconds.
  path: Assets/Presets/AudioStreaming.preset
  artifactKey: Guid(86bcce7f5575b54408aa0f3a7d321039) Importer(815301076,1909f56bfc062723c751e8b465ee728b)
Start importing Assets/Presets/AudioStreaming.preset using Guid(86bcce7f5575b54408aa0f3a7d321039) Importer(815301076,1909f56bfc062723c751e8b465ee728b)  -> (artifact id: 'cbea579cda2c62fd61e256c9ba0b45c0') in 0.002264 seconds
  Import took 0.007359 seconds .

========================================================================
Received Import Request.
  Time since last request: 0.000265 seconds.
  path: Assets/Presets/NormalTexture.preset
  artifactKey: Guid(14a57cf3b9fa1c74b884aa7e0dcf1faa) Importer(815301076,1909f56bfc062723c751e8b465ee728b)
Start importing Assets/Presets/NormalTexture.preset using Guid(14a57cf3b9fa1c74b884aa7e0dcf1faa) Importer(815301076,1909f56bfc062723c751e8b465ee728b)  -> (artifact id: '183c8aab4d9e44408c7a3b0eed4ee3c9') in 0.004981 seconds
  Import took 0.011042 seconds .

========================================================================
Received Import Request.
  Time since last request: 0.000340 seconds.
  path: Assets/Presets/UtilityTexture.preset
  artifactKey: Guid(45f7b2e3c78185248b3adbb14429c2ab) Importer(815301076,1909f56bfc062723c751e8b465ee728b)
Start importing Assets/Presets/UtilityTexture.preset using Guid(45f7b2e3c78185248b3adbb14429c2ab) Importer(815301076,1909f56bfc062723c751e8b465ee728b)  -> (artifact id: '938468aff66c964c635c4cd6a580cb17') in 0.004711 seconds
  Import took 0.010934 seconds .

========================================================================
Received Import Request.
  Time since last request: 65.126831 seconds.
  path: Assets/3rd-party-resources/Poly City - Free Cartoon Pack/Textures/NatureCityPack.png
  artifactKey: Guid(522de70bc4971e1478b61dc46b52d4f0) Importer(815301076,1909f56bfc062723c751e8b465ee728b)
Start importing Assets/3rd-party-resources/Poly City - Free Cartoon Pack/Textures/NatureCityPack.png using Guid(522de70bc4971e1478b61dc46b52d4f0) Importer(815301076,1909f56bfc062723c751e8b465ee728b)  -> (artifact id: '65e3ecbb136e310dc79e74bd6fd8896c') in 0.978593 seconds
  Import took 0.986848 seconds .

========================================================================
Received Import Request.
  Time since last request: 0.000253 seconds.
  path: Assets/3rd-party-resources/Poly City - Free Cartoon Pack/Textures/TextureCityPack.png
  artifactKey: Guid(f89cfe2427c79d74a81f182940975aac) Importer(815301076,1909f56bfc062723c751e8b465ee728b)
Start importing Assets/3rd-party-resources/Poly City - Free Cartoon Pack/Textures/TextureCityPack.png using Guid(f89cfe2427c79d74a81f182940975aac) Importer(815301076,1909f56bfc062723c751e8b465ee728b)  -> (artifact id: '8d886c22bc2ad1e651fe7107afbb1bd0') in 0.009164 seconds
  Import took 0.015042 seconds .

========================================================================
Received Import Request.
  Time since last request: 0.000264 seconds.
  path: Assets/3rd-party-resources/Poly City - Free Cartoon Pack/Textures/NatureCityPack.png
  artifactKey: Guid(522de70bc4971e1478b61dc46b52d4f0) Importer(815301076,1909f56bfc062723c751e8b465ee728b)
Start importing Assets/3rd-party-resources/Poly City - Free Cartoon Pack/Textures/NatureCityPack.png using Guid(522de70bc4971e1478b61dc46b52d4f0) Importer(815301076,1909f56bfc062723c751e8b465ee728b)  -> (artifact id: '65e3ecbb136e310dc79e74bd6fd8896c') in 0.009225 seconds
  Import took 0.015443 seconds .

========================================================================
Received Import Request.
  Time since last request: 0.000331 seconds.
  path: Assets/3rd-party-resources/Poly City - Free Cartoon Pack/Textures/TextureCityPack.png
  artifactKey: Guid(f89cfe2427c79d74a81f182940975aac) Importer(815301076,1909f56bfc062723c751e8b465ee728b)
Start importing Assets/3rd-party-resources/Poly City - Free Cartoon Pack/Textures/TextureCityPack.png using Guid(f89cfe2427c79d74a81f182940975aac) Importer(815301076,1909f56bfc062723c751e8b465ee728b)  -> (artifact id: '8d886c22bc2ad1e651fe7107afbb1bd0') in 0.014510 seconds
  Import took 0.021364 seconds .

========================================================================
Received Prepare
Registering precompiled user dll's ...
Registered in 0.001831 seconds.
Begin MonoManager ReloadAssembly
Native extension for WindowsStandalone target not found
Native extension for OSXStandalone target not found
Refreshing native plugins compatible for Editor in 0.59 ms, found 1 plugins.
Preloading 0 native plugins for Editor in 0.00 ms.
Invoked RoslynAnalysisRunner static constructor.
RoslynAnalysisRunner will not be running.
RoslynAnalysisRunner has terminated.
Mono: successfully reloaded assembly
- Completed reload, in  1.467 seconds
Platform modules already initialized, skipping
Shader 'Universal Render Pipeline/Particles/Lit': fallback shader 'Universal Render Pipeline/Particles/SimpleLit' not found
Shader 'Universal Render Pipeline/Particles/Lit': fallback shader 'Universal Render Pipeline/Particles/SimpleLit' not found
Refreshing native plugins compatible for Editor in 0.61 ms, found 1 plugins.
Preloading 0 native plugins for Editor in 0.00 ms.
Unloading 3066 Unused Serialized files (Serialized files now loaded: 0)
System memory in use before: 240.8 MB.
System memory in use after: 238.4 MB.

Unloading 46 unused Assets to reduce memory usage. Loaded Objects now: 3592.
Total: 5.397358 ms (FindLiveObjects: 0.435934 ms CreateObjectMapping: 0.193647 ms MarkObjects: 2.549550 ms  DeleteObjects: 2.215538 ms)

AssetImportParameters requested are different than current active one (requested -> active):
  requireTextureImportCompression: false -> true
========================================================================
Received Import Request.
  Time since last request: 57.930448 seconds.
  path: Assets/3rd-party-resources/Poly City - Free Cartoon Pack/Materials/MainMaterial.mat
  artifactKey: Guid(a9ac2afc037b61749bb3f5e8e2de14e7) Importer(815301076,1909f56bfc062723c751e8b465ee728b)
Start importing Assets/3rd-party-resources/Poly City - Free Cartoon Pack/Materials/MainMaterial.mat using Guid(a9ac2afc037b61749bb3f5e8e2de14e7) Importer(815301076,1909f56bfc062723c751e8b465ee728b)  -> (artifact id: '9f2485227ad94f59fb3054f69c083338') in 0.545886 seconds
  Import took 0.553491 seconds .

========================================================================
Received Import Request.
  Time since last request: 0.000292 seconds.
  path: Assets/3rd-party-resources/Poly City - Free Cartoon Pack/Materials/NatureMaterial.mat
  artifactKey: Guid(0e1d75789e4e6634e9ceec142ef2a4e1) Importer(815301076,1909f56bfc062723c751e8b465ee728b)
Start importing Assets/3rd-party-resources/Poly City - Free Cartoon Pack/Materials/NatureMaterial.mat using Guid(0e1d75789e4e6634e9ceec142ef2a4e1) Importer(815301076,1909f56bfc062723c751e8b465ee728b)  -> (artifact id: 'e308f9905e7e16fecddcd1191da6b357') in 0.017670 seconds
  Import took 0.024498 seconds .

========================================================================
Received Import Request.
  Time since last request: 0.000260 seconds.
  path: Assets/3rd-party-resources/Poly City - Free Cartoon Pack/Materials/Plane.mat
  artifactKey: Guid(7960367e7c625474b88037cdb7d6f9d7) Importer(815301076,1909f56bfc062723c751e8b465ee728b)
Start importing Assets/3rd-party-resources/Poly City - Free Cartoon Pack/Materials/Plane.mat using Guid(7960367e7c625474b88037cdb7d6f9d7) Importer(815301076,1909f56bfc062723c751e8b465ee728b)  -> (artifact id: '934b37ef8b9337bc645feb6efa4693a0') in 0.020250 seconds
  Import took 0.027024 seconds .

